<?xml version="1.0" encoding="UTF-8"?>
<coverage generated="1773865185210" clover="3.2.0">
  <project timestamp="1773865185210" name="All files">
    <metrics statements="172" coveredstatements="171" conditionals="46" coveredconditionals="41" methods="54" coveredmethods="53" elements="272" coveredelements="265" complexity="0" loc="172" ncloc="172" packages="23" files="38" classes="38"/>
    <package name="MoviesApp">
      <metrics statements="4" coveredstatements="4" conditionals="0" coveredconditionals="0" methods="2" coveredmethods="2"/>
      <file name="App.tsx" path="/Users/diegocardenas/Documents/Courses_Apps/MoviesApp/App.tsx">
        <metrics statements="4" coveredstatements="4" conditionals="0" coveredconditionals="0" methods="2" coveredmethods="2"/>
        <line num="6" count="1" type="stmt"/>
        <line num="7" count="1" type="stmt"/>
        <line num="10" count="1" type="stmt"/>
        <line num="11" count="1" type="stmt"/>
      </file>
    </package>
    <package name="MoviesApp.src.adapters">
      <metrics statements="9" coveredstatements="9" conditionals="4" coveredconditionals="4" methods="4" coveredmethods="4"/>
      <file name="index.ts" path="/Users/diegocardenas/Documents/Courses_Apps/MoviesApp/src/adapters/index.ts">
        <metrics statements="0" coveredstatements="0" conditionals="0" coveredconditionals="0" methods="0" coveredmethods="0"/>
      </file>
      <file name="movieCredits.ts" path="/Users/diegocardenas/Documents/Courses_Apps/MoviesApp/src/adapters/movieCredits.ts">
        <metrics statements="2" coveredstatements="2" conditionals="0" coveredconditionals="0" methods="1" coveredmethods="1"/>
        <line num="4" count="2" type="stmt"/>
        <line num="5" count="8" type="stmt"/>
      </file>
      <file name="movieDetail.ts" path="/Users/diegocardenas/Documents/Courses_Apps/MoviesApp/src/adapters/movieDetail.ts">
        <metrics statements="3" coveredstatements="3" conditionals="2" coveredconditionals="2" methods="1" coveredmethods="1"/>
        <line num="4" count="2" type="stmt"/>
        <line num="5" count="7" type="stmt"/>
        <line num="9" count="7" type="stmt"/>
      </file>
      <file name="movies.ts" path="/Users/diegocardenas/Documents/Courses_Apps/MoviesApp/src/adapters/movies.ts">
        <metrics statements="4" coveredstatements="4" conditionals="2" coveredconditionals="2" methods="2" coveredmethods="2"/>
        <line num="4" count="2" type="stmt"/>
        <line num="5" count="11" type="stmt"/>
        <line num="6" count="12" type="cond" truecount="2" falsecount="0"/>
        <line num="9" count="12" type="stmt"/>
      </file>
    </package>
    <package name="MoviesApp.src.components">
      <metrics statements="0" coveredstatements="0" conditionals="0" coveredconditionals="0" methods="0" coveredmethods="0"/>
      <file name="index.ts" path="/Users/diegocardenas/Documents/Courses_Apps/MoviesApp/src/components/index.ts">
        <metrics statements="0" coveredstatements="0" conditionals="0" coveredconditionals="0" methods="0" coveredmethods="0"/>
      </file>
    </package>
    <package name="MoviesApp.src.components.molecules">
      <metrics statements="0" coveredstatements="0" conditionals="0" coveredconditionals="0" methods="0" coveredmethods="0"/>
      <file name="index.ts" path="/Users/diegocardenas/Documents/Courses_Apps/MoviesApp/src/components/molecules/index.ts">
        <metrics statements="0" coveredstatements="0" conditionals="0" coveredconditionals="0" methods="0" coveredmethods="0"/>
      </file>
    </package>
    <package name="MoviesApp.src.components.molecules.MovieCastCard">
      <metrics statements="3" coveredstatements="3" conditionals="4" coveredconditionals="4" methods="1" coveredmethods="1"/>
      <file name="index.tsx" path="/Users/diegocardenas/Documents/Courses_Apps/MoviesApp/src/components/molecules/MovieCastCard/index.tsx">
        <metrics statements="3" coveredstatements="3" conditionals="4" coveredconditionals="4" methods="1" coveredmethods="1"/>
        <line num="6" count="5" type="stmt"/>
        <line num="7" count="54" type="stmt"/>
        <line num="25" count="5" type="stmt"/>
      </file>
    </package>
    <package name="MoviesApp.src.components.molecules.MoviePoster">
      <metrics statements="5" coveredstatements="5" conditionals="4" coveredconditionals="3" methods="2" coveredmethods="2"/>
      <file name="index.tsx" path="/Users/diegocardenas/Documents/Courses_Apps/MoviesApp/src/components/molecules/MoviePoster/index.tsx">
        <metrics statements="5" coveredstatements="5" conditionals="4" coveredconditionals="3" methods="2" coveredmethods="2"/>
        <line num="7" count="5" type="stmt"/>
        <line num="12" count="44" type="stmt"/>
        <line num="13" count="44" type="stmt"/>
        <line num="15" count="1" type="stmt"/>
        <line num="31" count="5" type="stmt"/>
      </file>
    </package>
    <package name="MoviesApp.src.components.organisms">
      <metrics statements="0" coveredstatements="0" conditionals="0" coveredconditionals="0" methods="0" coveredmethods="0"/>
      <file name="index.ts" path="/Users/diegocardenas/Documents/Courses_Apps/MoviesApp/src/components/organisms/index.ts">
        <metrics statements="0" coveredstatements="0" conditionals="0" coveredconditionals="0" methods="0" coveredmethods="0"/>
      </file>
    </package>
    <package name="MoviesApp.src.components.organisms.MovieCastCarrousel">
      <metrics statements="6" coveredstatements="6" conditionals="0" coveredconditionals="0" methods="4" coveredmethods="4"/>
      <file name="index.tsx" path="/Users/diegocardenas/Documents/Courses_Apps/MoviesApp/src/components/organisms/MovieCastCarrousel/index.tsx">
        <metrics statements="6" coveredstatements="6" conditionals="0" coveredconditionals="0" methods="4" coveredmethods="4"/>
        <line num="6" count="4" type="stmt"/>
        <line num="7" count="22" type="stmt"/>
        <line num="10" count="49" type="stmt"/>
        <line num="14" count="49" type="stmt"/>
        <line num="17" count="27" type="stmt"/>
        <line num="21" count="4" type="stmt"/>
      </file>
    </package>
    <package name="MoviesApp.src.components.organisms.MoviesCarrousel">
      <metrics statements="5" coveredstatements="5" conditionals="4" coveredconditionals="4" methods="3" coveredmethods="3"/>
      <file name="index.tsx" path="/Users/diegocardenas/Documents/Courses_Apps/MoviesApp/src/components/organisms/MoviesCarrousel/index.tsx">
        <metrics statements="5" coveredstatements="5" conditionals="4" coveredconditionals="4" methods="3" coveredmethods="3"/>
        <line num="6" count="4" type="stmt"/>
        <line num="7" count="20" type="cond" truecount="2" falsecount="0"/>
        <line num="12" count="40" type="stmt"/>
        <line num="14" count="40" type="stmt"/>
        <line num="21" count="4" type="stmt"/>
      </file>
    </package>
    <package name="MoviesApp.src.components.templates">
      <metrics statements="0" coveredstatements="0" conditionals="0" coveredconditionals="0" methods="0" coveredmethods="0"/>
      <file name="index.ts" path="/Users/diegocardenas/Documents/Courses_Apps/MoviesApp/src/components/templates/index.ts">
        <metrics statements="0" coveredstatements="0" conditionals="0" coveredconditionals="0" methods="0" coveredmethods="0"/>
      </file>
    </package>
    <package name="MoviesApp.src.components.templates.GradientWrapper">
      <metrics statements="8" coveredstatements="8" conditionals="0" coveredconditionals="0" methods="3" coveredmethods="3"/>
      <file name="index.tsx" path="/Users/diegocardenas/Documents/Courses_Apps/MoviesApp/src/components/templates/GradientWrapper/index.tsx">
        <metrics statements="8" coveredstatements="8" conditionals="0" coveredconditionals="0" methods="3" coveredmethods="3"/>
        <line num="9" count="5" type="stmt"/>
        <line num="11" count="15" type="stmt"/>
        <line num="12" count="15" type="stmt"/>
        <line num="14" count="15" type="stmt"/>
        <line num="15" count="15" type="stmt"/>
        <line num="16" count="15" type="stmt"/>
        <line num="17" count="15" type="stmt"/>
        <line num="21" count="15" type="stmt"/>
      </file>
    </package>
    <package name="MoviesApp.src.components.templates.MovieDetails">
      <metrics statements="4" coveredstatements="4" conditionals="0" coveredconditionals="0" methods="2" coveredmethods="2"/>
      <file name="index.tsx" path="/Users/diegocardenas/Documents/Courses_Apps/MoviesApp/src/components/templates/MovieDetails/index.tsx">
        <metrics statements="4" coveredstatements="4" conditionals="0" coveredconditionals="0" methods="2" coveredmethods="2"/>
        <line num="12" count="4" type="stmt"/>
        <line num="13" count="11" type="stmt"/>
        <line num="18" count="19" type="stmt"/>
        <line num="34" count="4" type="stmt"/>
      </file>
    </package>
    <package name="MoviesApp.src.constants">
      <metrics statements="2" coveredstatements="2" conditionals="0" coveredconditionals="0" methods="0" coveredmethods="0"/>
      <file name="global.ts" path="/Users/diegocardenas/Documents/Courses_Apps/MoviesApp/src/constants/global.ts">
        <metrics statements="1" coveredstatements="1" conditionals="0" coveredconditionals="0" methods="0" coveredmethods="0"/>
        <line num="1" count="2" type="stmt"/>
      </file>
      <file name="index.ts" path="/Users/diegocardenas/Documents/Courses_Apps/MoviesApp/src/constants/index.ts">
        <metrics statements="0" coveredstatements="0" conditionals="0" coveredconditionals="0" methods="0" coveredmethods="0"/>
      </file>
      <file name="routes.ts" path="/Users/diegocardenas/Documents/Courses_Apps/MoviesApp/src/constants/routes.ts">
        <metrics statements="1" coveredstatements="1" conditionals="0" coveredconditionals="0" methods="0" coveredmethods="0"/>
        <line num="1" count="2" type="stmt"/>
      </file>
    </package>
    <package name="MoviesApp.src.context">
      <metrics statements="0" coveredstatements="0" conditionals="0" coveredconditionals="0" methods="0" coveredmethods="0"/>
      <file name="index.ts" path="/Users/diegocardenas/Documents/Courses_Apps/MoviesApp/src/context/index.ts">
        <metrics statements="0" coveredstatements="0" conditionals="0" coveredconditionals="0" methods="0" coveredmethods="0"/>
      </file>
    </package>
    <package name="MoviesApp.src.context.gradientContext">
      <metrics statements="8" coveredstatements="8" conditionals="0" coveredconditionals="0" methods="3" coveredmethods="3"/>
      <file name="index.tsx" path="/Users/diegocardenas/Documents/Courses_Apps/MoviesApp/src/context/gradientContext/index.tsx">
        <metrics statements="8" coveredstatements="8" conditionals="0" coveredconditionals="0" methods="3" coveredmethods="3"/>
        <line num="16" count="6" type="stmt"/>
        <line num="18" count="6" type="stmt"/>
        <line num="23" count="14" type="stmt"/>
        <line num="27" count="14" type="stmt"/>
        <line num="32" count="14" type="stmt"/>
        <line num="33" count="14" type="stmt"/>
        <line num="34" count="4" type="stmt"/>
        <line num="36" count="14" type="stmt"/>
      </file>
    </package>
    <package name="MoviesApp.src.helpers">
      <metrics statements="13" coveredstatements="13" conditionals="6" coveredconditionals="6" methods="3" coveredmethods="3"/>
      <file name="getColorsMediaFile.ts" path="/Users/diegocardenas/Documents/Courses_Apps/MoviesApp/src/helpers/getColorsMediaFile.ts">
        <metrics statements="9" coveredstatements="9" conditionals="4" coveredconditionals="4" methods="1" coveredmethods="1"/>
        <line num="3" count="3" type="stmt"/>
        <line num="4" count="4" type="stmt"/>
        <line num="8" count="4" type="cond" truecount="2" falsecount="0"/>
        <line num="9" count="1" type="stmt"/>
        <line num="10" count="1" type="stmt"/>
        <line num="12" count="4" type="cond" truecount="2" falsecount="0"/>
        <line num="13" count="2" type="stmt"/>
        <line num="14" count="2" type="stmt"/>
        <line num="16" count="4" type="stmt"/>
      </file>
      <file name="index.ts" path="/Users/diegocardenas/Documents/Courses_Apps/MoviesApp/src/helpers/index.ts">
        <metrics statements="0" coveredstatements="0" conditionals="0" coveredconditionals="0" methods="0" coveredmethods="0"/>
      </file>
      <file name="transform.ts" path="/Users/diegocardenas/Documents/Courses_Apps/MoviesApp/src/helpers/transform.ts">
        <metrics statements="4" coveredstatements="4" conditionals="2" coveredconditionals="2" methods="2" coveredmethods="2"/>
        <line num="4" count="3" type="stmt"/>
        <line num="5" count="8" type="stmt"/>
        <line num="6" count="8" type="cond" truecount="2" falsecount="0"/>
        <line num="9" count="8" type="stmt"/>
      </file>
    </package>
    <package name="MoviesApp.src.hooks">
      <metrics statements="8" coveredstatements="8" conditionals="2" coveredconditionals="2" methods="4" coveredmethods="4"/>
      <file name="index.ts" path="/Users/diegocardenas/Documents/Courses_Apps/MoviesApp/src/hooks/index.ts">
        <metrics statements="0" coveredstatements="0" conditionals="0" coveredconditionals="0" methods="0" coveredmethods="0"/>
      </file>
      <file name="useFadeAnimation.ts" path="/Users/diegocardenas/Documents/Courses_Apps/MoviesApp/src/hooks/useFadeAnimation.ts">
        <metrics statements="8" coveredstatements="8" conditionals="2" coveredconditionals="2" methods="4" coveredmethods="4"/>
        <line num="4" count="5" type="stmt"/>
        <line num="5" count="10" type="stmt"/>
        <line num="7" count="10" type="stmt"/>
        <line num="8" count="5" type="stmt"/>
        <line num="12" count="4" type="cond" truecount="2" falsecount="0"/>
        <line num="15" count="10" type="stmt"/>
        <line num="16" count="3" type="stmt"/>
        <line num="23" count="10" type="stmt"/>
      </file>
    </package>
    <package name="MoviesApp.src.interfaces">
      <metrics statements="0" coveredstatements="0" conditionals="0" coveredconditionals="0" methods="0" coveredmethods="0"/>
      <file name="global.ts" path="/Users/diegocardenas/Documents/Courses_Apps/MoviesApp/src/interfaces/global.ts">
        <metrics statements="0" coveredstatements="0" conditionals="0" coveredconditionals="0" methods="0" coveredmethods="0"/>
      </file>
      <file name="index.ts" path="/Users/diegocardenas/Documents/Courses_Apps/MoviesApp/src/interfaces/index.ts">
        <metrics statements="0" coveredstatements="0" conditionals="0" coveredconditionals="0" methods="0" coveredmethods="0"/>
      </file>
      <file name="movies.ts" path="/Users/diegocardenas/Documents/Courses_Apps/MoviesApp/src/interfaces/movies.ts">
        <metrics statements="0" coveredstatements="0" conditionals="0" coveredconditionals="0" methods="0" coveredmethods="0"/>
      </file>
      <file name="navigation.ts" path="/Users/diegocardenas/Documents/Courses_Apps/MoviesApp/src/interfaces/navigation.ts">
        <metrics statements="0" coveredstatements="0" conditionals="0" coveredconditionals="0" methods="0" coveredmethods="0"/>
      </file>
    </package>
    <package name="MoviesApp.src.navigation">
      <metrics statements="3" coveredstatements="3" conditionals="0" coveredconditionals="0" methods="1" coveredmethods="1"/>
      <file name="Navigation.tsx" path="/Users/diegocardenas/Documents/Courses_Apps/MoviesApp/src/navigation/Navigation.tsx">
        <metrics statements="3" coveredstatements="3" conditionals="0" coveredconditionals="0" methods="1" coveredmethods="1"/>
        <line num="6" count="2" type="stmt"/>
        <line num="8" count="2" type="stmt"/>
        <line num="9" count="9" type="stmt"/>
      </file>
      <file name="index.ts" path="/Users/diegocardenas/Documents/Courses_Apps/MoviesApp/src/navigation/index.ts">
        <metrics statements="0" coveredstatements="0" conditionals="0" coveredconditionals="0" methods="0" coveredmethods="0"/>
      </file>
    </package>
    <package name="MoviesApp.src.screens">
      <metrics statements="0" coveredstatements="0" conditionals="0" coveredconditionals="0" methods="0" coveredmethods="0"/>
      <file name="index.ts" path="/Users/diegocardenas/Documents/Courses_Apps/MoviesApp/src/screens/index.ts">
        <metrics statements="0" coveredstatements="0" conditionals="0" coveredconditionals="0" methods="0" coveredmethods="0"/>
      </file>
    </package>
    <package name="MoviesApp.src.screens.DetailScreen">
      <metrics statements="17" coveredstatements="17" conditionals="4" coveredconditionals="4" methods="6" coveredmethods="5"/>
      <file name="index.tsx" path="/Users/diegocardenas/Documents/Courses_Apps/MoviesApp/src/screens/DetailScreen/index.tsx">
        <metrics statements="6" coveredstatements="6" conditionals="4" coveredconditionals="4" methods="2" coveredmethods="2"/>
        <line num="18" count="2" type="stmt"/>
        <line num="20" count="2" type="stmt"/>
        <line num="26" count="13" type="stmt"/>
        <line num="29" count="13" type="stmt"/>
        <line num="58" count="1" type="stmt"/>
        <line num="66" count="2" type="stmt"/>
      </file>
      <file name="useMovieDetails.ts" path="/Users/diegocardenas/Documents/Courses_Apps/MoviesApp/src/screens/DetailScreen/useMovieDetails.ts">
        <metrics statements="11" coveredstatements="11" conditionals="0" coveredconditionals="0" methods="4" coveredmethods="3"/>
        <line num="12" count="2" type="stmt"/>
        <line num="13" count="8" type="stmt"/>
        <line num="19" count="8" type="stmt"/>
        <line num="20" count="6" type="stmt"/>
        <line num="21" count="6" type="stmt"/>
        <line num="22" count="6" type="stmt"/>
        <line num="26" count="6" type="stmt"/>
        <line num="33" count="8" type="stmt"/>
        <line num="35" count="6" type="stmt"/>
        <line num="36" count="6" type="stmt"/>
        <line num="41" count="8" type="stmt"/>
      </file>
    </package>
    <package name="MoviesApp.src.screens.HomeScreen">
      <metrics statements="46" coveredstatements="45" conditionals="18" coveredconditionals="14" methods="10" coveredmethods="10"/>
      <file name="index.tsx" path="/Users/diegocardenas/Documents/Courses_Apps/MoviesApp/src/screens/HomeScreen/index.tsx">
        <metrics statements="22" coveredstatements="22" conditionals="16" coveredconditionals="13" methods="5" coveredmethods="5"/>
        <line num="25" count="2" type="stmt"/>
        <line num="27" count="2" type="stmt"/>
        <line num="36" count="22" type="stmt"/>
        <line num="37" count="22" type="stmt"/>
        <line num="38" count="22" type="stmt"/>
        <line num="40" count="22" type="stmt"/>
        <line num="41" count="19" type="stmt"/>
        <line num="42" count="19" type="cond" truecount="2" falsecount="0"/>
        <line num="43" count="2" type="stmt"/>
        <line num="45" count="17" type="stmt"/>
        <line num="46" count="14" type="stmt"/>
        <line num="52" count="22" type="stmt"/>
        <line num="54" count="20" type="cond" truecount="4" falsecount="0"/>
        <line num="55" count="17" type="stmt"/>
        <line num="62" count="22" type="cond" truecount="2" falsecount="0"/>
        <line num="63" count="5" type="stmt"/>
        <line num="71" count="17" type="cond" truecount="2" falsecount="0"/>
        <line num="72" count="5" type="stmt"/>
        <line num="79" count="12" type="stmt"/>
        <line num="92" count="19" type="stmt"/>
        <line num="98" count="2" type="stmt"/>
        <line num="112" count="2" type="stmt"/>
      </file>
      <file name="useMovies.ts" path="/Users/diegocardenas/Documents/Courses_Apps/MoviesApp/src/screens/HomeScreen/useMovies.ts">
        <metrics statements="24" coveredstatements="23" conditionals="2" coveredconditionals="1" methods="5" coveredmethods="5"/>
        <line num="13" count="2" type="stmt"/>
        <line num="14" count="14" type="stmt"/>
        <line num="15" count="14" type="stmt"/>
        <line num="16" count="14" type="stmt"/>
        <line num="23" count="14" type="stmt"/>
        <line num="24" count="9" type="stmt"/>
        <line num="25" count="9" type="stmt"/>
        <line num="26" count="9" type="stmt"/>
        <line num="27" count="9" type="stmt"/>
        <line num="28" count="9" type="stmt"/>
        <line num="30" count="9" type="stmt"/>
        <line num="37" count="7" type="stmt"/>
        <line num="43" count="7" type="stmt"/>
        <line num="44" count="7" type="cond" truecount="1" falsecount="1"/>
        <line num="45" count="0" type="stmt"/>
        <line num="48" count="2" type="stmt"/>
        <line num="49" count="2" type="stmt"/>
        <line num="53" count="14" type="stmt"/>
        <line num="54" count="1" type="stmt"/>
        <line num="55" count="1" type="stmt"/>
        <line num="58" count="14" type="stmt"/>
        <line num="60" count="8" type="stmt"/>
        <line num="61" count="8" type="stmt"/>
        <line num="65" count="14" type="stmt"/>
      </file>
    </package>
    <package name="MoviesApp.src.services">
      <metrics statements="31" coveredstatements="31" conditionals="0" coveredconditionals="0" methods="6" coveredmethods="6"/>
      <file name="index.ts" path="/Users/diegocardenas/Documents/Courses_Apps/MoviesApp/src/services/index.ts">
        <metrics statements="0" coveredstatements="0" conditionals="0" coveredconditionals="0" methods="0" coveredmethods="0"/>
      </file>
      <file name="movies.ts" path="/Users/diegocardenas/Documents/Courses_Apps/MoviesApp/src/services/movies.ts">
        <metrics statements="31" coveredstatements="31" conditionals="0" coveredconditionals="0" methods="6" coveredmethods="6"/>
        <line num="13" count="1" type="stmt"/>
        <line num="15" count="3" type="stmt"/>
        <line num="16" count="3" type="stmt"/>
        <line num="17" count="2" type="stmt"/>
        <line num="18" count="2" type="stmt"/>
        <line num="20" count="1" type="stmt"/>
        <line num="24" count="3" type="stmt"/>
        <line num="25" count="3" type="stmt"/>
        <line num="26" count="2" type="stmt"/>
        <line num="27" count="2" type="stmt"/>
        <line num="29" count="1" type="stmt"/>
        <line num="33" count="2" type="stmt"/>
        <line num="34" count="2" type="stmt"/>
        <line num="35" count="1" type="stmt"/>
        <line num="36" count="1" type="stmt"/>
        <line num="38" count="1" type="stmt"/>
        <line num="42" count="2" type="stmt"/>
        <line num="43" count="2" type="stmt"/>
        <line num="44" count="1" type="stmt"/>
        <line num="45" count="1" type="stmt"/>
        <line num="47" count="1" type="stmt"/>
        <line num="51" count="3" type="stmt"/>
        <line num="52" count="3" type="stmt"/>
        <line num="53" count="2" type="stmt"/>
        <line num="54" count="2" type="stmt"/>
        <line num="56" count="1" type="stmt"/>
        <line num="60" count="4" type="stmt"/>
        <line num="61" count="4" type="stmt"/>
        <line num="64" count="3" type="stmt"/>
        <line num="65" count="3" type="stmt"/>
        <line num="67" count="1" type="stmt"/>
      </file>
    </package>
  </project>
</coverage>
