{"/Users/diegocardenas/Documents/Courses_Apps/MoviesApp/App.tsx": {"path":"/Users/diegocardenas/Documents/Courses_Apps/MoviesApp/App.tsx","statementMap":{"0":{"start":{"line":6,"column":17},"end":{"line":8,"column":1}},"1":{"start":{"line":7,"column":2},"end":{"line":7,"column":49}},"2":{"start":{"line":10,"column":12},"end":{"line":18,"column":1}},"3":{"start":{"line":11,"column":2},"end":{"line":17,"column":4}}},"fnMap":{"0":{"name":"(anonymous_0)","decl":{"start":{"line":6,"column":17},"end":{"line":6,"column":18}},"loc":{"start":{"line":7,"column":2},"end":{"line":7,"column":49}},"line":7},"1":{"name":"(anonymous_1)","decl":{"start":{"line":10,"column":12},"end":{"line":10,"column":13}},"loc":{"start":{"line":10,"column":18},"end":{"line":18,"column":1}},"line":10}},"branchMap":{},"s":{"0":1,"1":1,"2":1,"3":1},"f":{"0":1,"1":1},"b":{},"_coverageSchema":"1a1c01bbd47fc00a2c39e90264f33305004495a9","hash":"d45a90d54abca0dd626f16ed3db014266e27bd78"}
,"/Users/diegocardenas/Documents/Courses_Apps/MoviesApp/src/adapters/index.ts": {"path":"/Users/diegocardenas/Documents/Courses_Apps/MoviesApp/src/adapters/index.ts","statementMap":{},"fnMap":{},"branchMap":{},"s":{},"f":{},"b":{},"_coverageSchema":"1a1c01bbd47fc00a2c39e90264f33305004495a9","hash":"5230bedd5fa4b07d0c3a3f7a6090be3cd212d7e4"}
,"/Users/diegocardenas/Documents/Courses_Apps/MoviesApp/src/adapters/movieCredits.ts": {"path":"/Users/diegocardenas/Documents/Courses_Apps/MoviesApp/src/adapters/movieCredits.ts","statementMap":{"0":{"start":{"line":4,"column":37},"end":{"line":6,"column":1}},"1":{"start":{"line":5,"column":2},"end":{"line":5,"column":69}}},"fnMap":{"0":{"name":"(anonymous_0)","decl":{"start":{"line":4,"column":37},"end":{"line":4,"column":38}},"loc":{"start":{"line":4,"column":70},"end":{"line":6,"column":1}},"line":4}},"branchMap":{},"s":{"0":2,"1":8},"f":{"0":8},"b":{},"_coverageSchema":"1a1c01bbd47fc00a2c39e90264f33305004495a9","hash":"ef1f9da61aa66af44d604ebedfca16f54da08fcf"}
,"/Users/diegocardenas/Documents/Courses_Apps/MoviesApp/src/adapters/movieDetail.ts": {"path":"/Users/diegocardenas/Documents/Courses_Apps/MoviesApp/src/adapters/movieDetail.ts","statementMap":{"0":{"start":{"line":4,"column":38},"end":{"line":16,"column":1}},"1":{"start":{"line":5,"column":50},"end":{"line":8,"column":4}},"2":{"start":{"line":9,"column":2},"end":{"line":15,"column":4}}},"fnMap":{"0":{"name":"(anonymous_0)","decl":{"start":{"line":4,"column":38},"end":{"line":4,"column":39}},"loc":{"start":{"line":4,"column":61},"end":{"line":16,"column":1}},"line":4}},"branchMap":{"0":{"loc":{"start":{"line":12,"column":6},"end":{"line":14,"column":51}},"type":"cond-expr","locations":[{"start":{"line":13,"column":10},"end":{"line":13,"column":51}},{"start":{"line":14,"column":10},"end":{"line":14,"column":51}}],"line":12}},"s":{"0":2,"1":7,"2":7},"f":{"0":7},"b":{"0":[2,5]},"_coverageSchema":"1a1c01bbd47fc00a2c39e90264f33305004495a9","hash":"122a7a169e5b0243befc7e0661d8f6d88353f12a"}
,"/Users/diegocardenas/Documents/Courses_Apps/MoviesApp/src/adapters/movies.ts": {"path":"/Users/diegocardenas/Documents/Courses_Apps/MoviesApp/src/adapters/movies.ts","statementMap":{"0":{"start":{"line":4,"column":31},"end":{"line":11,"column":1}},"1":{"start":{"line":5,"column":2},"end":{"line":10,"column":5}},"2":{"start":{"line":6,"column":24},"end":{"line":8,"column":12}},"3":{"start":{"line":9,"column":4},"end":{"line":9,"column":37}}},"fnMap":{"0":{"name":"(anonymous_0)","decl":{"start":{"line":4,"column":31},"end":{"line":4,"column":32}},"loc":{"start":{"line":4,"column":52},"end":{"line":11,"column":1}},"line":4},"1":{"name":"(anonymous_1)","decl":{"start":{"line":5,"column":20},"end":{"line":5,"column":21}},"loc":{"start":{"line":5,"column":29},"end":{"line":10,"column":3}},"line":5}},"branchMap":{"0":{"loc":{"start":{"line":6,"column":24},"end":{"line":8,"column":12}},"type":"cond-expr","locations":[{"start":{"line":7,"column":8},"end":{"line":7,"column":60}},{"start":{"line":8,"column":8},"end":{"line":8,"column":12}}],"line":6}},"s":{"0":2,"1":11,"2":12,"3":12},"f":{"0":11,"1":12},"b":{"0":[9,3]},"_coverageSchema":"1a1c01bbd47fc00a2c39e90264f33305004495a9","hash":"72523a4aea550d7e4167ae1846fa809f7abce4e0"}
,"/Users/diegocardenas/Documents/Courses_Apps/MoviesApp/src/components/index.ts": {"path":"/Users/diegocardenas/Documents/Courses_Apps/MoviesApp/src/components/index.ts","statementMap":{},"fnMap":{},"branchMap":{},"s":{},"f":{},"b":{},"_coverageSchema":"1a1c01bbd47fc00a2c39e90264f33305004495a9","hash":"ddd849a395c9c5ffdf7537091e4a5012b05529b0"}
,"/Users/diegocardenas/Documents/Courses_Apps/MoviesApp/src/components/molecules/index.ts": {"path":"/Users/diegocardenas/Documents/Courses_Apps/MoviesApp/src/components/molecules/index.ts","statementMap":{},"fnMap":{},"branchMap":{},"s":{},"f":{},"b":{},"_coverageSchema":"1a1c01bbd47fc00a2c39e90264f33305004495a9","hash":"d1e012733108fa8fc4020a3733c0cb6441b2a3c9"}
,"/Users/diegocardenas/Documents/Courses_Apps/MoviesApp/src/components/molecules/MovieCastCard/index.tsx": {"path":"/Users/diegocardenas/Documents/Courses_Apps/MoviesApp/src/components/molecules/MovieCastCard/index.tsx","statementMap":{"0":{"start":{"line":6,"column":29},"end":{"line":23,"column":1}},"1":{"start":{"line":7,"column":2},"end":{"line":22,"column":9}},"2":{"start":{"line":25,"column":15},"end":{"line":53,"column":2}}},"fnMap":{"0":{"name":"(anonymous_0)","decl":{"start":{"line":6,"column":29},"end":{"line":6,"column":30}},"loc":{"start":{"line":7,"column":2},"end":{"line":22,"column":9}},"line":7}},"branchMap":{"0":{"loc":{"start":{"line":8,"column":5},"end":{"line":12,"column":5}},"type":"cond-expr","locations":[{"start":{"line":9,"column":6},"end":{"line":9,"column":80}},{"start":{"line":11,"column":6},"end":{"line":11,"column":58}}],"line":8},"1":{"loc":{"start":{"line":17,"column":9},"end":{"line":19,"column":26}},"type":"cond-expr","locations":[{"start":{"line":18,"column":12},"end":{"line":18,"column":53}},{"start":{"line":19,"column":12},"end":{"line":19,"column":26}}],"line":17}},"s":{"0":5,"1":54,"2":5},"f":{"0":54},"b":{"0":[52,2],"1":[1,53]},"_coverageSchema":"1a1c01bbd47fc00a2c39e90264f33305004495a9","hash":"8fa834f0fa829bd999a6b294536bb5ef7a60ae56"}
,"/Users/diegocardenas/Documents/Courses_Apps/MoviesApp/src/components/molecules/MoviePoster/index.tsx": {"path":"/Users/diegocardenas/Documents/Courses_Apps/MoviesApp/src/components/molecules/MoviePoster/index.tsx","statementMap":{"0":{"start":{"line":7,"column":27},"end":{"line":29,"column":1}},"1":{"start":{"line":12,"column":21},"end":{"line":12,"column":70}},"2":{"start":{"line":13,"column":2},"end":{"line":28,"column":4}},"3":{"start":{"line":15,"column":21},"end":{"line":15,"column":67}},"4":{"start":{"line":31,"column":15},"end":{"line":62,"column":2}}},"fnMap":{"0":{"name":"(anonymous_0)","decl":{"start":{"line":7,"column":27},"end":{"line":7,"column":28}},"loc":{"start":{"line":11,"column":24},"end":{"line":29,"column":1}},"line":11},"1":{"name":"(anonymous_1)","decl":{"start":{"line":15,"column":15},"end":{"line":15,"column":16}},"loc":{"start":{"line":15,"column":21},"end":{"line":15,"column":67}},"line":15}},"branchMap":{"0":{"loc":{"start":{"line":9,"column":2},"end":{"line":9,"column":13}},"type":"default-arg","locations":[{"start":{"line":9,"column":10},"end":{"line":9,"column":13}}],"line":9},"1":{"loc":{"start":{"line":10,"column":2},"end":{"line":10,"column":14}},"type":"default-arg","locations":[{"start":{"line":10,"column":11},"end":{"line":10,"column":14}}],"line":10},"2":{"loc":{"start":{"line":19,"column":9},"end":{"line":25,"column":9}},"type":"cond-expr","locations":[{"start":{"line":20,"column":10},"end":{"line":20,"column":76}},{"start":{"line":22,"column":10},"end":{"line":24,"column":17}}],"line":19}},"s":{"0":5,"1":44,"2":44,"3":1,"4":5},"f":{"0":44,"1":1},"b":{"0":[6],"1":[6],"2":[44,0]},"_coverageSchema":"1a1c01bbd47fc00a2c39e90264f33305004495a9","hash":"a038bd57c564293beadd5597f1554aecf9ca7f92"}
,"/Users/diegocardenas/Documents/Courses_Apps/MoviesApp/src/components/organisms/index.ts": {"path":"/Users/diegocardenas/Documents/Courses_Apps/MoviesApp/src/components/organisms/index.ts","statementMap":{},"fnMap":{},"branchMap":{},"s":{},"f":{},"b":{},"_coverageSchema":"1a1c01bbd47fc00a2c39e90264f33305004495a9","hash":"d9cfe6f616559a41fda0d998bad260eec08d50f9"}
,"/Users/diegocardenas/Documents/Courses_Apps/MoviesApp/src/components/organisms/MovieCastCarrousel/index.tsx": {"path":"/Users/diegocardenas/Documents/Courses_Apps/MoviesApp/src/components/organisms/MovieCastCarrousel/index.tsx","statementMap":{"0":{"start":{"line":6,"column":34},"end":{"line":19,"column":1}},"1":{"start":{"line":7,"column":2},"end":{"line":18,"column":4}},"2":{"start":{"line":10,"column":6},"end":{"line":12,"column":13}},"3":{"start":{"line":14,"column":35},"end":{"line":14,"column":67}},"4":{"start":{"line":17,"column":34},"end":{"line":17,"column":67}},"5":{"start":{"line":21,"column":15},"end":{"line":28,"column":2}}},"fnMap":{"0":{"name":"(anonymous_0)","decl":{"start":{"line":6,"column":34},"end":{"line":6,"column":35}},"loc":{"start":{"line":7,"column":2},"end":{"line":18,"column":4}},"line":7},"1":{"name":"(anonymous_1)","decl":{"start":{"line":9,"column":16},"end":{"line":9,"column":17}},"loc":{"start":{"line":10,"column":6},"end":{"line":12,"column":13}},"line":10},"2":{"name":"(anonymous_2)","decl":{"start":{"line":14,"column":18},"end":{"line":14,"column":19}},"loc":{"start":{"line":14,"column":35},"end":{"line":14,"column":67}},"line":14},"3":{"name":"(anonymous_3)","decl":{"start":{"line":17,"column":28},"end":{"line":17,"column":29}},"loc":{"start":{"line":17,"column":34},"end":{"line":17,"column":67}},"line":17}},"branchMap":{},"s":{"0":4,"1":22,"2":49,"3":49,"4":27,"5":4},"f":{"0":22,"1":49,"2":49,"3":27},"b":{},"_coverageSchema":"1a1c01bbd47fc00a2c39e90264f33305004495a9","hash":"71c1f45622385ba15ba505f45efba2ce45a62e6b"}
,"/Users/diegocardenas/Documents/Courses_Apps/MoviesApp/src/components/organisms/MoviesCarrousel/index.tsx": {"path":"/Users/diegocardenas/Documents/Courses_Apps/MoviesApp/src/components/organisms/MoviesCarrousel/index.tsx","statementMap":{"0":{"start":{"line":6,"column":31},"end":{"line":19,"column":1}},"1":{"start":{"line":7,"column":2},"end":{"line":18,"column":9}},"2":{"start":{"line":12,"column":8},"end":{"line":12,"column":61}},"3":{"start":{"line":14,"column":28},"end":{"line":14,"column":46}},"4":{"start":{"line":21,"column":15},"end":{"line":33,"column":2}}},"fnMap":{"0":{"name":"(anonymous_0)","decl":{"start":{"line":6,"column":31},"end":{"line":6,"column":32}},"loc":{"start":{"line":7,"column":2},"end":{"line":18,"column":9}},"line":7},"1":{"name":"(anonymous_1)","decl":{"start":{"line":11,"column":18},"end":{"line":11,"column":19}},"loc":{"start":{"line":12,"column":8},"end":{"line":12,"column":61}},"line":12},"2":{"name":"(anonymous_2)","decl":{"start":{"line":14,"column":20},"end":{"line":14,"column":21}},"loc":{"start":{"line":14,"column":28},"end":{"line":14,"column":46}},"line":14}},"branchMap":{"0":{"loc":{"start":{"line":7,"column":15},"end":{"line":7,"column":70}},"type":"cond-expr","locations":[{"start":{"line":7,"column":23},"end":{"line":7,"column":39}},{"start":{"line":7,"column":42},"end":{"line":7,"column":70}}],"line":7},"1":{"loc":{"start":{"line":8,"column":5},"end":{"line":8,"column":55}},"type":"binary-expr","locations":[{"start":{"line":8,"column":5},"end":{"line":8,"column":10}},{"start":{"line":8,"column":14},"end":{"line":8,"column":55}}],"line":8}},"s":{"0":4,"1":20,"2":40,"3":40,"4":4},"f":{"0":20,"1":40,"2":40},"b":{"0":[17,3],"1":[20,17]},"_coverageSchema":"1a1c01bbd47fc00a2c39e90264f33305004495a9","hash":"a93563a98a2b33f2d2b1f7f8b4cb32d4f241f85c"}
,"/Users/diegocardenas/Documents/Courses_Apps/MoviesApp/src/components/templates/index.ts": {"path":"/Users/diegocardenas/Documents/Courses_Apps/MoviesApp/src/components/templates/index.ts","statementMap":{},"fnMap":{},"branchMap":{},"s":{},"f":{},"b":{},"_coverageSchema":"1a1c01bbd47fc00a2c39e90264f33305004495a9","hash":"d30e413cce652e9be45cb9ff8c0d568fb9e2f414"}
,"/Users/diegocardenas/Documents/Courses_Apps/MoviesApp/src/components/templates/GradientWrapper/index.tsx": {"path":"/Users/diegocardenas/Documents/Courses_Apps/MoviesApp/src/components/templates/GradientWrapper/index.tsx","statementMap":{"0":{"start":{"line":9,"column":31},"end":{"line":40,"column":1}},"1":{"start":{"line":11,"column":4},"end":{"line":11,"column":31}},"2":{"start":{"line":12,"column":39},"end":{"line":12,"column":57}},"3":{"start":{"line":14,"column":2},"end":{"line":19,"column":60}},"4":{"start":{"line":15,"column":4},"end":{"line":18,"column":7}},"5":{"start":{"line":16,"column":6},"end":{"line":16,"column":41}},"6":{"start":{"line":17,"column":6},"end":{"line":17,"column":16}},"7":{"start":{"line":21,"column":2},"end":{"line":39,"column":4}}},"fnMap":{"0":{"name":"(anonymous_0)","decl":{"start":{"line":9,"column":31},"end":{"line":9,"column":32}},"loc":{"start":{"line":9,"column":68},"end":{"line":40,"column":1}},"line":9},"1":{"name":"(anonymous_1)","decl":{"start":{"line":14,"column":12},"end":{"line":14,"column":13}},"loc":{"start":{"line":14,"column":18},"end":{"line":19,"column":3}},"line":14},"2":{"name":"(anonymous_2)","decl":{"start":{"line":15,"column":11},"end":{"line":15,"column":12}},"loc":{"start":{"line":15,"column":17},"end":{"line":18,"column":5}},"line":15}},"branchMap":{},"s":{"0":5,"1":15,"2":15,"3":15,"4":15,"5":15,"6":15,"7":15},"f":{"0":15,"1":15,"2":15},"b":{},"_coverageSchema":"1a1c01bbd47fc00a2c39e90264f33305004495a9","hash":"fe7c3dccf538e0842b66f122ce7ff3c26fd7ad1f"}
,"/Users/diegocardenas/Documents/Courses_Apps/MoviesApp/src/components/templates/MovieDetails/index.tsx": {"path":"/Users/diegocardenas/Documents/Courses_Apps/MoviesApp/src/components/templates/MovieDetails/index.tsx","statementMap":{"0":{"start":{"line":12,"column":28},"end":{"line":32,"column":1}},"1":{"start":{"line":13,"column":2},"end":{"line":31,"column":9}},"2":{"start":{"line":18,"column":20},"end":{"line":18,"column":26}},"3":{"start":{"line":34,"column":15},"end":{"line":56,"column":2}}},"fnMap":{"0":{"name":"(anonymous_0)","decl":{"start":{"line":12,"column":28},"end":{"line":12,"column":29}},"loc":{"start":{"line":13,"column":2},"end":{"line":31,"column":9}},"line":13},"1":{"name":"(anonymous_1)","decl":{"start":{"line":18,"column":15},"end":{"line":18,"column":16}},"loc":{"start":{"line":18,"column":20},"end":{"line":18,"column":26}},"line":18}},"branchMap":{},"s":{"0":4,"1":11,"2":19,"3":4},"f":{"0":11,"1":19},"b":{},"_coverageSchema":"1a1c01bbd47fc00a2c39e90264f33305004495a9","hash":"27fbac06576afaa1ba44b639c013b7cf856139ca"}
,"/Users/diegocardenas/Documents/Courses_Apps/MoviesApp/src/constants/global.ts": {"path":"/Users/diegocardenas/Documents/Courses_Apps/MoviesApp/src/constants/global.ts","statementMap":{"0":{"start":{"line":1,"column":25},"end":{"line":4,"column":1}}},"fnMap":{},"branchMap":{},"s":{"0":2},"f":{},"b":{},"_coverageSchema":"1a1c01bbd47fc00a2c39e90264f33305004495a9","hash":"c0434ff9973b340263e61e553f20635cc7cf265f"}
,"/Users/diegocardenas/Documents/Courses_Apps/MoviesApp/src/constants/index.ts": {"path":"/Users/diegocardenas/Documents/Courses_Apps/MoviesApp/src/constants/index.ts","statementMap":{},"fnMap":{},"branchMap":{},"s":{},"f":{},"b":{},"_coverageSchema":"1a1c01bbd47fc00a2c39e90264f33305004495a9","hash":"c22f7d779cbdf7c130bfe39181db623f1ad47537"}
,"/Users/diegocardenas/Documents/Courses_Apps/MoviesApp/src/constants/routes.ts": {"path":"/Users/diegocardenas/Documents/Courses_Apps/MoviesApp/src/constants/routes.ts","statementMap":{"0":{"start":{"line":1,"column":22},"end":{"line":4,"column":1}}},"fnMap":{},"branchMap":{},"s":{"0":2},"f":{},"b":{},"_coverageSchema":"1a1c01bbd47fc00a2c39e90264f33305004495a9","hash":"59beb9b50955207a8e6732a9fcc542508721e96c"}
,"/Users/diegocardenas/Documents/Courses_Apps/MoviesApp/src/context/index.ts": {"path":"/Users/diegocardenas/Documents/Courses_Apps/MoviesApp/src/context/index.ts","statementMap":{},"fnMap":{},"branchMap":{},"s":{},"f":{},"b":{},"_coverageSchema":"1a1c01bbd47fc00a2c39e90264f33305004495a9","hash":"97d5a21f16386e06ab479b3f0f9be8b6b4ac48d0"}
,"/Users/diegocardenas/Documents/Courses_Apps/MoviesApp/src/context/gradientContext/index.tsx": {"path":"/Users/diegocardenas/Documents/Courses_Apps/MoviesApp/src/context/gradientContext/index.tsx","statementMap":{"0":{"start":{"line":16,"column":31},"end":{"line":16,"column":73}},"1":{"start":{"line":18,"column":32},"end":{"line":47,"column":1}},"2":{"start":{"line":23,"column":38},"end":{"line":26,"column":4}},"3":{"start":{"line":27,"column":46},"end":{"line":30,"column":4}},"4":{"start":{"line":32,"column":29},"end":{"line":32,"column":75}},"5":{"start":{"line":32,"column":54},"end":{"line":32,"column":75}},"6":{"start":{"line":33,"column":33},"end":{"line":34,"column":29}},"7":{"start":{"line":34,"column":4},"end":{"line":34,"column":29}},"8":{"start":{"line":36,"column":2},"end":{"line":46,"column":4}}},"fnMap":{"0":{"name":"(anonymous_0)","decl":{"start":{"line":18,"column":32},"end":{"line":18,"column":33}},"loc":{"start":{"line":22,"column":6},"end":{"line":47,"column":1}},"line":22},"1":{"name":"(anonymous_1)","decl":{"start":{"line":32,"column":29},"end":{"line":32,"column":30}},"loc":{"start":{"line":32,"column":54},"end":{"line":32,"column":75}},"line":32},"2":{"name":"(anonymous_2)","decl":{"start":{"line":33,"column":33},"end":{"line":33,"column":34}},"loc":{"start":{"line":34,"column":4},"end":{"line":34,"column":29}},"line":34}},"branchMap":{},"s":{"0":6,"1":6,"2":14,"3":14,"4":14,"5":2,"6":14,"7":4,"8":14},"f":{"0":14,"1":2,"2":4},"b":{},"_coverageSchema":"1a1c01bbd47fc00a2c39e90264f33305004495a9","hash":"7bc4442f26741c030561e8f68c27fbd1fa9b549f"}
,"/Users/diegocardenas/Documents/Courses_Apps/MoviesApp/src/helpers/getColorsMediaFile.ts": {"path":"/Users/diegocardenas/Documents/Courses_Apps/MoviesApp/src/helpers/getColorsMediaFile.ts","statementMap":{"0":{"start":{"line":3,"column":34},"end":{"line":17,"column":1}},"1":{"start":{"line":4,"column":17},"end":{"line":4,"column":53}},"2":{"start":{"line":8,"column":2},"end":{"line":11,"column":3}},"3":{"start":{"line":9,"column":4},"end":{"line":9,"column":35}},"4":{"start":{"line":10,"column":4},"end":{"line":10,"column":36}},"5":{"start":{"line":12,"column":2},"end":{"line":15,"column":3}},"6":{"start":{"line":13,"column":4},"end":{"line":13,"column":34}},"7":{"start":{"line":14,"column":4},"end":{"line":14,"column":38}},"8":{"start":{"line":16,"column":2},"end":{"line":16,"column":40}}},"fnMap":{"0":{"name":"(anonymous_0)","decl":{"start":{"line":3,"column":34},"end":{"line":3,"column":35}},"loc":{"start":{"line":3,"column":57},"end":{"line":17,"column":1}},"line":3}},"branchMap":{"0":{"loc":{"start":{"line":8,"column":2},"end":{"line":11,"column":3}},"type":"if","locations":[{"start":{"line":8,"column":2},"end":{"line":11,"column":3}},{"start":{},"end":{}}],"line":8},"1":{"loc":{"start":{"line":12,"column":2},"end":{"line":15,"column":3}},"type":"if","locations":[{"start":{"line":12,"column":2},"end":{"line":15,"column":3}},{"start":{},"end":{}}],"line":12}},"s":{"0":3,"1":4,"2":4,"3":1,"4":1,"5":4,"6":2,"7":2,"8":4},"f":{"0":4},"b":{"0":[1,3],"1":[2,2]},"_coverageSchema":"1a1c01bbd47fc00a2c39e90264f33305004495a9","hash":"7fe062c3d33ef30ade66935def8f7528383fe27b"}
,"/Users/diegocardenas/Documents/Courses_Apps/MoviesApp/src/helpers/index.ts": {"path":"/Users/diegocardenas/Documents/Courses_Apps/MoviesApp/src/helpers/index.ts","statementMap":{},"fnMap":{},"branchMap":{},"s":{},"f":{},"b":{},"_coverageSchema":"1a1c01bbd47fc00a2c39e90264f33305004495a9","hash":"25d11ed865bf090b94c2c99c06a1fa2a2d3242d7"}
,"/Users/diegocardenas/Documents/Courses_Apps/MoviesApp/src/helpers/transform.ts": {"path":"/Users/diegocardenas/Documents/Courses_Apps/MoviesApp/src/helpers/transform.ts","statementMap":{"0":{"start":{"line":4,"column":29},"end":{"line":11,"column":1}},"1":{"start":{"line":5,"column":2},"end":{"line":10,"column":5}},"2":{"start":{"line":6,"column":25},"end":{"line":8,"column":12}},"3":{"start":{"line":9,"column":4},"end":{"line":9,"column":37}}},"fnMap":{"0":{"name":"(anonymous_0)","decl":{"start":{"line":4,"column":29},"end":{"line":4,"column":30}},"loc":{"start":{"line":4,"column":48},"end":{"line":11,"column":1}},"line":4},"1":{"name":"(anonymous_1)","decl":{"start":{"line":5,"column":19},"end":{"line":5,"column":20}},"loc":{"start":{"line":5,"column":27},"end":{"line":10,"column":3}},"line":5}},"branchMap":{"0":{"loc":{"start":{"line":6,"column":25},"end":{"line":8,"column":12}},"type":"cond-expr","locations":[{"start":{"line":7,"column":8},"end":{"line":7,"column":61}},{"start":{"line":8,"column":8},"end":{"line":8,"column":12}}],"line":6}},"s":{"0":3,"1":8,"2":8,"3":8},"f":{"0":8,"1":8},"b":{"0":[5,3]},"_coverageSchema":"1a1c01bbd47fc00a2c39e90264f33305004495a9","hash":"30195125d5de9a64cce47ab231776fa0bf3e9ef3"}
,"/Users/diegocardenas/Documents/Courses_Apps/MoviesApp/src/hooks/index.ts": {"path":"/Users/diegocardenas/Documents/Courses_Apps/MoviesApp/src/hooks/index.ts","statementMap":{},"fnMap":{},"branchMap":{},"s":{},"f":{},"b":{},"_coverageSchema":"1a1c01bbd47fc00a2c39e90264f33305004495a9","hash":"574c50ed5306db3ef8c583aa81c91a7bd63dedb2"}
,"/Users/diegocardenas/Documents/Courses_Apps/MoviesApp/src/hooks/useFadeAnimation.ts": {"path":"/Users/diegocardenas/Documents/Courses_Apps/MoviesApp/src/hooks/useFadeAnimation.ts","statementMap":{"0":{"start":{"line":4,"column":32},"end":{"line":28,"column":1}},"1":{"start":{"line":5,"column":18},"end":{"line":5,"column":55}},"2":{"start":{"line":7,"column":17},"end":{"line":13,"column":3}},"3":{"start":{"line":8,"column":4},"end":{"line":12,"column":51}},"4":{"start":{"line":12,"column":20},"end":{"line":12,"column":48}},"5":{"start":{"line":15,"column":18},"end":{"line":21,"column":3}},"6":{"start":{"line":16,"column":4},"end":{"line":20,"column":15}},"7":{"start":{"line":23,"column":2},"end":{"line":27,"column":4}}},"fnMap":{"0":{"name":"(anonymous_0)","decl":{"start":{"line":4,"column":32},"end":{"line":4,"column":33}},"loc":{"start":{"line":4,"column":38},"end":{"line":28,"column":1}},"line":4},"1":{"name":"(anonymous_1)","decl":{"start":{"line":7,"column":17},"end":{"line":7,"column":18}},"loc":{"start":{"line":7,"column":42},"end":{"line":13,"column":3}},"line":7},"2":{"name":"(anonymous_2)","decl":{"start":{"line":12,"column":13},"end":{"line":12,"column":14}},"loc":{"start":{"line":12,"column":20},"end":{"line":12,"column":48}},"line":12},"3":{"name":"(anonymous_3)","decl":{"start":{"line":15,"column":18},"end":{"line":15,"column":19}},"loc":{"start":{"line":15,"column":24},"end":{"line":21,"column":3}},"line":15}},"branchMap":{"0":{"loc":{"start":{"line":12,"column":20},"end":{"line":12,"column":48}},"type":"cond-expr","locations":[{"start":{"line":12,"column":31},"end":{"line":12,"column":41}},{"start":{"line":12,"column":44},"end":{"line":12,"column":48}}],"line":12}},"s":{"0":5,"1":10,"2":10,"3":5,"4":4,"5":10,"6":3,"7":10},"f":{"0":10,"1":5,"2":4,"3":3},"b":{"0":[3,1]},"_coverageSchema":"1a1c01bbd47fc00a2c39e90264f33305004495a9","hash":"435f3cdd018dcd1629625fe16af2897c0a49d4f1"}
,"/Users/diegocardenas/Documents/Courses_Apps/MoviesApp/src/interfaces/global.ts": {"path":"/Users/diegocardenas/Documents/Courses_Apps/MoviesApp/src/interfaces/global.ts","statementMap":{},"fnMap":{},"branchMap":{},"s":{},"f":{},"b":{},"_coverageSchema":"1a1c01bbd47fc00a2c39e90264f33305004495a9","hash":"9fae01a308a228ad72679dfddeafd7fe262e0d42"}
,"/Users/diegocardenas/Documents/Courses_Apps/MoviesApp/src/interfaces/index.ts": {"path":"/Users/diegocardenas/Documents/Courses_Apps/MoviesApp/src/interfaces/index.ts","statementMap":{},"fnMap":{},"branchMap":{},"s":{},"f":{},"b":{},"_coverageSchema":"1a1c01bbd47fc00a2c39e90264f33305004495a9","hash":"368c95ff5b286681c1ea964db6b335822fa48819"}
,"/Users/diegocardenas/Documents/Courses_Apps/MoviesApp/src/interfaces/movies.ts": {"path":"/Users/diegocardenas/Documents/Courses_Apps/MoviesApp/src/interfaces/movies.ts","statementMap":{},"fnMap":{},"branchMap":{},"s":{},"f":{},"b":{},"_coverageSchema":"1a1c01bbd47fc00a2c39e90264f33305004495a9","hash":"dc62e005d3cb7b42c9b89ab752ab7744f92e3a10"}
,"/Users/diegocardenas/Documents/Courses_Apps/MoviesApp/src/interfaces/navigation.ts": {"path":"/Users/diegocardenas/Documents/Courses_Apps/MoviesApp/src/interfaces/navigation.ts","statementMap":{},"fnMap":{},"branchMap":{},"s":{},"f":{},"b":{},"_coverageSchema":"1a1c01bbd47fc00a2c39e90264f33305004495a9","hash":"c83043b6c446b3b6605191e0357ed4d33b655957"}
,"/Users/diegocardenas/Documents/Courses_Apps/MoviesApp/src/navigation/Navigation.tsx": {"path":"/Users/diegocardenas/Documents/Courses_Apps/MoviesApp/src/navigation/Navigation.tsx","statementMap":{"0":{"start":{"line":6,"column":14},"end":{"line":6,"column":53}},"1":{"start":{"line":8,"column":31},"end":{"line":21,"column":1}},"2":{"start":{"line":9,"column":2},"end":{"line":20,"column":4}}},"fnMap":{"0":{"name":"(anonymous_0)","decl":{"start":{"line":8,"column":31},"end":{"line":8,"column":32}},"loc":{"start":{"line":8,"column":37},"end":{"line":21,"column":1}},"line":8}},"branchMap":{},"s":{"0":2,"1":2,"2":9},"f":{"0":9},"b":{},"_coverageSchema":"1a1c01bbd47fc00a2c39e90264f33305004495a9","hash":"079407ab9151c17e9cd954d83b4028749908f302"}
,"/Users/diegocardenas/Documents/Courses_Apps/MoviesApp/src/navigation/index.ts": {"path":"/Users/diegocardenas/Documents/Courses_Apps/MoviesApp/src/navigation/index.ts","statementMap":{},"fnMap":{},"branchMap":{},"s":{},"f":{},"b":{},"_coverageSchema":"1a1c01bbd47fc00a2c39e90264f33305004495a9","hash":"93ba6d9ff2e97ed7fc3cec9fcc34426f953343bb"}
,"/Users/diegocardenas/Documents/Courses_Apps/MoviesApp/src/screens/index.ts": {"path":"/Users/diegocardenas/Documents/Courses_Apps/MoviesApp/src/screens/index.ts","statementMap":{},"fnMap":{},"branchMap":{},"s":{},"f":{},"b":{},"_coverageSchema":"1a1c01bbd47fc00a2c39e90264f33305004495a9","hash":"ea2d337e9f2d6b1c5fbbfb1e73e670853ffe54ea"}
,"/Users/diegocardenas/Documents/Courses_Apps/MoviesApp/src/screens/DetailScreen/index.tsx": {"path":"/Users/diegocardenas/Documents/Courses_Apps/MoviesApp/src/screens/DetailScreen/index.tsx","statementMap":{"0":{"start":{"line":18,"column":21},"end":{"line":18,"column":52}},"1":{"start":{"line":20,"column":28},"end":{"line":64,"column":1}},"2":{"start":{"line":26,"column":44},"end":{"line":28,"column":4}},"3":{"start":{"line":29,"column":2},"end":{"line":63,"column":4}},"4":{"start":{"line":58,"column":25},"end":{"line":58,"column":44}},"5":{"start":{"line":66,"column":15},"end":{"line":115,"column":2}}},"fnMap":{"0":{"name":"(anonymous_0)","decl":{"start":{"line":20,"column":28},"end":{"line":20,"column":29}},"loc":{"start":{"line":25,"column":26},"end":{"line":64,"column":1}},"line":25},"1":{"name":"(anonymous_1)","decl":{"start":{"line":58,"column":19},"end":{"line":58,"column":20}},"loc":{"start":{"line":58,"column":25},"end":{"line":58,"column":44}},"line":58}},"branchMap":{"0":{"loc":{"start":{"line":34,"column":13},"end":{"line":43,"column":13}},"type":"cond-expr","locations":[{"start":{"line":35,"column":14},"end":{"line":38,"column":16}},{"start":{"line":40,"column":14},"end":{"line":42,"column":21}}],"line":34},"1":{"loc":{"start":{"line":50,"column":9},"end":{"line":54,"column":9}},"type":"cond-expr","locations":[{"start":{"line":51,"column":10},"end":{"line":51,"column":54}},{"start":{"line":53,"column":10},"end":{"line":53,"column":67}}],"line":50}},"s":{"0":2,"1":2,"2":13,"3":13,"4":1,"5":2},"f":{"0":13,"1":1},"b":{"0":[12,1],"1":[3,10]},"_coverageSchema":"1a1c01bbd47fc00a2c39e90264f33305004495a9","hash":"8a57aabfa49ffa51bc61e3d62f9fa6885a56da3a"}
,"/Users/diegocardenas/Documents/Courses_Apps/MoviesApp/src/screens/DetailScreen/useMovieDetails.ts": {"path":"/Users/diegocardenas/Documents/Courses_Apps/MoviesApp/src/screens/DetailScreen/useMovieDetails.ts","statementMap":{"0":{"start":{"line":12,"column":31},"end":{"line":44,"column":1}},"1":{"start":{"line":13,"column":46},"end":{"line":17,"column":4}},"2":{"start":{"line":19,"column":28},"end":{"line":31,"column":3}},"3":{"start":{"line":20,"column":32},"end":{"line":20,"column":66}},"4":{"start":{"line":21,"column":32},"end":{"line":21,"column":66}},"5":{"start":{"line":22,"column":41},"end":{"line":25,"column":6}},"6":{"start":{"line":26,"column":4},"end":{"line":30,"column":7}},"7":{"start":{"line":33,"column":2},"end":{"line":39,"column":4}},"8":{"start":{"line":35,"column":6},"end":{"line":35,"column":26}},"9":{"start":{"line":36,"column":6},"end":{"line":36,"column":24}},"10":{"start":{"line":36,"column":19},"end":{"line":36,"column":23}},"11":{"start":{"line":41,"column":2},"end":{"line":43,"column":4}}},"fnMap":{"0":{"name":"(anonymous_0)","decl":{"start":{"line":12,"column":31},"end":{"line":12,"column":32}},"loc":{"start":{"line":12,"column":69},"end":{"line":44,"column":1}},"line":12},"1":{"name":"(anonymous_1)","decl":{"start":{"line":19,"column":28},"end":{"line":19,"column":29}},"loc":{"start":{"line":19,"column":40},"end":{"line":31,"column":3}},"line":19},"2":{"name":"(anonymous_2)","decl":{"start":{"line":34,"column":16},"end":{"line":34,"column":17}},"loc":{"start":{"line":34,"column":22},"end":{"line":38,"column":5}},"line":34},"3":{"name":"(anonymous_3)","decl":{"start":{"line":36,"column":13},"end":{"line":36,"column":14}},"loc":{"start":{"line":36,"column":19},"end":{"line":36,"column":23}},"line":36}},"branchMap":{},"s":{"0":2,"1":8,"2":8,"3":6,"4":6,"5":6,"6":6,"7":8,"8":6,"9":6,"10":0,"11":8},"f":{"0":8,"1":6,"2":6,"3":0},"b":{},"_coverageSchema":"1a1c01bbd47fc00a2c39e90264f33305004495a9","hash":"99faa542e800f28fdb16f77cb569b7eed5be4fae"}
,"/Users/diegocardenas/Documents/Courses_Apps/MoviesApp/src/screens/HomeScreen/index.tsx": {"path":"/Users/diegocardenas/Documents/Courses_Apps/MoviesApp/src/screens/HomeScreen/index.tsx","statementMap":{"0":{"start":{"line":25,"column":31},"end":{"line":25,"column":55}},"1":{"start":{"line":27,"column":26},"end":{"line":110,"column":1}},"2":{"start":{"line":36,"column":6},"end":{"line":36,"column":17}},"3":{"start":{"line":37,"column":18},"end":{"line":37,"column":37}},"4":{"start":{"line":38,"column":49},"end":{"line":38,"column":76}},"5":{"start":{"line":40,"column":26},"end":{"line":50,"column":3}},"6":{"start":{"line":41,"column":16},"end":{"line":41,"column":45}},"7":{"start":{"line":42,"column":4},"end":{"line":44,"column":5}},"8":{"start":{"line":43,"column":6},"end":{"line":43,"column":13}},"9":{"start":{"line":45,"column":43},"end":{"line":45,"column":72}},"10":{"start":{"line":46,"column":4},"end":{"line":49,"column":7}},"11":{"start":{"line":52,"column":2},"end":{"line":60,"column":4}},"12":{"start":{"line":54,"column":6},"end":{"line":56,"column":7}},"13":{"start":{"line":55,"column":8},"end":{"line":55,"column":27}},"14":{"start":{"line":62,"column":2},"end":{"line":69,"column":3}},"15":{"start":{"line":63,"column":4},"end":{"line":68,"column":6}},"16":{"start":{"line":71,"column":2},"end":{"line":77,"column":3}},"17":{"start":{"line":72,"column":4},"end":{"line":76,"column":6}},"18":{"start":{"line":79,"column":2},"end":{"line":109,"column":4}},"19":{"start":{"line":92,"column":42},"end":{"line":92,"column":70}},"20":{"start":{"line":98,"column":39},"end":{"line":98,"column":61}},"21":{"start":{"line":112,"column":15},"end":{"line":121,"column":2}}},"fnMap":{"0":{"name":"(anonymous_0)","decl":{"start":{"line":27,"column":26},"end":{"line":27,"column":27}},"loc":{"start":{"line":27,"column":32},"end":{"line":110,"column":1}},"line":27},"1":{"name":"(anonymous_1)","decl":{"start":{"line":40,"column":26},"end":{"line":40,"column":27}},"loc":{"start":{"line":40,"column":51},"end":{"line":50,"column":3}},"line":40},"2":{"name":"(anonymous_2)","decl":{"start":{"line":53,"column":4},"end":{"line":53,"column":5}},"loc":{"start":{"line":53,"column":10},"end":{"line":57,"column":5}},"line":53},"3":{"name":"(anonymous_3)","decl":{"start":{"line":92,"column":28},"end":{"line":92,"column":29}},"loc":{"start":{"line":92,"column":42},"end":{"line":92,"column":70}},"line":92},"4":{"name":"(anonymous_4)","decl":{"start":{"line":98,"column":30},"end":{"line":98,"column":31}},"loc":{"start":{"line":98,"column":39},"end":{"line":98,"column":61}},"line":98}},"branchMap":{"0":{"loc":{"start":{"line":42,"column":4},"end":{"line":44,"column":5}},"type":"if","locations":[{"start":{"line":42,"column":4},"end":{"line":44,"column":5}},{"start":{},"end":{}}],"line":42},"1":{"loc":{"start":{"line":47,"column":15},"end":{"line":47,"column":40}},"type":"binary-expr","locations":[{"start":{"line":47,"column":15},"end":{"line":47,"column":27}},{"start":{"line":47,"column":31},"end":{"line":47,"column":40}}],"line":47},"2":{"loc":{"start":{"line":48,"column":17},"end":{"line":48,"column":44}},"type":"binary-expr","locations":[{"start":{"line":48,"column":17},"end":{"line":48,"column":31}},{"start":{"line":48,"column":35},"end":{"line":48,"column":44}}],"line":48},"3":{"loc":{"start":{"line":54,"column":6},"end":{"line":56,"column":7}},"type":"if","locations":[{"start":{"line":54,"column":6},"end":{"line":56,"column":7}},{"start":{},"end":{}}],"line":54},"4":{"loc":{"start":{"line":54,"column":10},"end":{"line":54,"column":75}},"type":"binary-expr","locations":[{"start":{"line":54,"column":10},"end":{"line":54,"column":31}},{"start":{"line":54,"column":35},"end":{"line":54,"column":75}}],"line":54},"5":{"loc":{"start":{"line":62,"column":2},"end":{"line":69,"column":3}},"type":"if","locations":[{"start":{"line":62,"column":2},"end":{"line":69,"column":3}},{"start":{},"end":{}}],"line":62},"6":{"loc":{"start":{"line":71,"column":2},"end":{"line":77,"column":3}},"type":"if","locations":[{"start":{"line":71,"column":2},"end":{"line":77,"column":3}},{"start":{},"end":{}}],"line":71},"7":{"loc":{"start":{"line":86,"column":16},"end":{"line":86,"column":71}},"type":"cond-expr","locations":[{"start":{"line":86,"column":52},"end":{"line":86,"column":60}},{"start":{"line":86,"column":63},"end":{"line":86,"column":71}}],"line":86}},"s":{"0":2,"1":2,"2":22,"3":22,"4":22,"5":22,"6":19,"7":19,"8":2,"9":17,"10":14,"11":22,"12":20,"13":17,"14":22,"15":5,"16":17,"17":5,"18":12,"19":19,"20":2,"21":2},"f":{"0":22,"1":19,"2":20,"3":19,"4":2},"b":{"0":[2,17],"1":[14,0],"2":[14,0],"3":[17,3],"4":[20,17],"5":[5,17],"6":[5,12],"7":[0,12]},"_coverageSchema":"1a1c01bbd47fc00a2c39e90264f33305004495a9","hash":"0f0c883edcd62a5c864fc13deb036034639699ac"}
,"/Users/diegocardenas/Documents/Courses_Apps/MoviesApp/src/screens/HomeScreen/useMovies.ts": {"path":"/Users/diegocardenas/Documents/Courses_Apps/MoviesApp/src/screens/HomeScreen/useMovies.ts","statementMap":{"0":{"start":{"line":13,"column":25},"end":{"line":71,"column":1}},"1":{"start":{"line":14,"column":40},"end":{"line":14,"column":64}},"2":{"start":{"line":15,"column":36},"end":{"line":15,"column":50}},"3":{"start":{"line":16,"column":40},"end":{"line":21,"column":4}},"4":{"start":{"line":23,"column":20},"end":{"line":51,"column":19}},"5":{"start":{"line":24,"column":30},"end":{"line":24,"column":60}},"6":{"start":{"line":25,"column":27},"end":{"line":25,"column":55}},"7":{"start":{"line":26,"column":28},"end":{"line":26,"column":57}},"8":{"start":{"line":27,"column":28},"end":{"line":27,"column":57}},"9":{"start":{"line":28,"column":4},"end":{"line":50,"column":5}},"10":{"start":{"line":30,"column":8},"end":{"line":35,"column":10}},"11":{"start":{"line":37,"column":6},"end":{"line":42,"column":9}},"12":{"start":{"line":43,"column":6},"end":{"line":43,"column":26}},"13":{"start":{"line":44,"column":6},"end":{"line":46,"column":7}},"14":{"start":{"line":45,"column":8},"end":{"line":45,"column":30}},"15":{"start":{"line":48,"column":6},"end":{"line":48,"column":27}},"16":{"start":{"line":49,"column":6},"end":{"line":49,"column":26}},"17":{"start":{"line":53,"column":26},"end":{"line":56,"column":3}},"18":{"start":{"line":54,"column":4},"end":{"line":54,"column":23}},"19":{"start":{"line":55,"column":4},"end":{"line":55,"column":16}},"20":{"start":{"line":58,"column":2},"end":{"line":63,"column":4}},"21":{"start":{"line":60,"column":6},"end":{"line":60,"column":18}},"22":{"start":{"line":61,"column":6},"end":{"line":61,"column":24}},"23":{"start":{"line":61,"column":19},"end":{"line":61,"column":23}},"24":{"start":{"line":65,"column":2},"end":{"line":70,"column":4}}},"fnMap":{"0":{"name":"(anonymous_0)","decl":{"start":{"line":13,"column":25},"end":{"line":13,"column":26}},"loc":{"start":{"line":13,"column":31},"end":{"line":71,"column":1}},"line":13},"1":{"name":"(anonymous_1)","decl":{"start":{"line":23,"column":32},"end":{"line":23,"column":33}},"loc":{"start":{"line":23,"column":44},"end":{"line":51,"column":3}},"line":23},"2":{"name":"(anonymous_2)","decl":{"start":{"line":53,"column":26},"end":{"line":53,"column":27}},"loc":{"start":{"line":53,"column":32},"end":{"line":56,"column":3}},"line":53},"3":{"name":"(anonymous_3)","decl":{"start":{"line":59,"column":16},"end":{"line":59,"column":17}},"loc":{"start":{"line":59,"column":22},"end":{"line":62,"column":5}},"line":59},"4":{"name":"(anonymous_4)","decl":{"start":{"line":61,"column":13},"end":{"line":61,"column":14}},"loc":{"start":{"line":61,"column":19},"end":{"line":61,"column":23}},"line":61}},"branchMap":{"0":{"loc":{"start":{"line":44,"column":6},"end":{"line":46,"column":7}},"type":"if","locations":[{"start":{"line":44,"column":6},"end":{"line":46,"column":7}},{"start":{},"end":{}}],"line":44}},"s":{"0":2,"1":14,"2":14,"3":14,"4":14,"5":9,"6":9,"7":9,"8":9,"9":9,"10":9,"11":7,"12":7,"13":7,"14":0,"15":2,"16":2,"17":14,"18":1,"19":1,"20":14,"21":8,"22":8,"23":1,"24":14},"f":{"0":14,"1":9,"2":1,"3":8,"4":1},"b":{"0":[0,7]},"_coverageSchema":"1a1c01bbd47fc00a2c39e90264f33305004495a9","hash":"9e0d6be9130d3074929f86a6a3bc4feebd42c732"}
,"/Users/diegocardenas/Documents/Courses_Apps/MoviesApp/src/services/index.ts": {"path":"/Users/diegocardenas/Documents/Courses_Apps/MoviesApp/src/services/index.ts","statementMap":{},"fnMap":{},"branchMap":{},"s":{},"f":{},"b":{},"_coverageSchema":"1a1c01bbd47fc00a2c39e90264f33305004495a9","hash":"2ec457ad854abe63f2f9ac258aed7811f2602f2f"}
,"/Users/diegocardenas/Documents/Courses_Apps/MoviesApp/src/services/movies.ts": {"path":"/Users/diegocardenas/Documents/Courses_Apps/MoviesApp/src/services/movies.ts","statementMap":{"0":{"start":{"line":13,"column":25},"end":{"line":70,"column":1}},"1":{"start":{"line":15,"column":4},"end":{"line":21,"column":5}},"2":{"start":{"line":16,"column":23},"end":{"line":16,"column":78}},"3":{"start":{"line":17,"column":28},"end":{"line":17,"column":57}},"4":{"start":{"line":18,"column":6},"end":{"line":18,"column":49}},"5":{"start":{"line":20,"column":6},"end":{"line":20,"column":69}},"6":{"start":{"line":24,"column":4},"end":{"line":30,"column":5}},"7":{"start":{"line":25,"column":23},"end":{"line":25,"column":74}},"8":{"start":{"line":26,"column":28},"end":{"line":26,"column":57}},"9":{"start":{"line":27,"column":6},"end":{"line":27,"column":49}},"10":{"start":{"line":29,"column":6},"end":{"line":29,"column":66}},"11":{"start":{"line":33,"column":4},"end":{"line":39,"column":5}},"12":{"start":{"line":34,"column":23},"end":{"line":34,"column":76}},"13":{"start":{"line":35,"column":28},"end":{"line":35,"column":57}},"14":{"start":{"line":36,"column":6},"end":{"line":36,"column":49}},"15":{"start":{"line":38,"column":6},"end":{"line":38,"column":72}},"16":{"start":{"line":42,"column":4},"end":{"line":48,"column":5}},"17":{"start":{"line":43,"column":23},"end":{"line":43,"column":75}},"18":{"start":{"line":44,"column":28},"end":{"line":44,"column":57}},"19":{"start":{"line":45,"column":6},"end":{"line":45,"column":49}},"20":{"start":{"line":47,"column":6},"end":{"line":47,"column":65}},"21":{"start":{"line":51,"column":4},"end":{"line":57,"column":5}},"22":{"start":{"line":52,"column":23},"end":{"line":52,"column":69}},"23":{"start":{"line":53,"column":33},"end":{"line":53,"column":61}},"24":{"start":{"line":54,"column":6},"end":{"line":54,"column":32}},"25":{"start":{"line":56,"column":6},"end":{"line":56,"column":70}},"26":{"start":{"line":60,"column":4},"end":{"line":68,"column":5}},"27":{"start":{"line":61,"column":23},"end":{"line":63,"column":7}},"28":{"start":{"line":64,"column":33},"end":{"line":64,"column":60}},"29":{"start":{"line":65,"column":6},"end":{"line":65,"column":32}},"30":{"start":{"line":67,"column":6},"end":{"line":67,"column":70}}},"fnMap":{"0":{"name":"(anonymous_0)","decl":{"start":{"line":14,"column":22},"end":{"line":14,"column":23}},"loc":{"start":{"line":14,"column":34},"end":{"line":22,"column":3}},"line":14},"1":{"name":"(anonymous_1)","decl":{"start":{"line":23,"column":20},"end":{"line":23,"column":21}},"loc":{"start":{"line":23,"column":32},"end":{"line":31,"column":3}},"line":23},"2":{"name":"(anonymous_2)","decl":{"start":{"line":32,"column":21},"end":{"line":32,"column":22}},"loc":{"start":{"line":32,"column":33},"end":{"line":40,"column":3}},"line":32},"3":{"name":"(anonymous_3)","decl":{"start":{"line":41,"column":21},"end":{"line":41,"column":22}},"loc":{"start":{"line":41,"column":33},"end":{"line":49,"column":3}},"line":41},"4":{"name":"(anonymous_4)","decl":{"start":{"line":50,"column":19},"end":{"line":50,"column":20}},"loc":{"start":{"line":50,"column":46},"end":{"line":58,"column":3}},"line":50},"5":{"name":"(anonymous_5)","decl":{"start":{"line":59,"column":19},"end":{"line":59,"column":20}},"loc":{"start":{"line":59,"column":46},"end":{"line":69,"column":3}},"line":59}},"branchMap":{},"s":{"0":1,"1":3,"2":3,"3":2,"4":2,"5":1,"6":3,"7":3,"8":2,"9":2,"10":1,"11":2,"12":2,"13":1,"14":1,"15":1,"16":2,"17":2,"18":1,"19":1,"20":1,"21":3,"22":3,"23":2,"24":2,"25":1,"26":4,"27":4,"28":3,"29":3,"30":1},"f":{"0":3,"1":3,"2":2,"3":2,"4":3,"5":4},"b":{},"_coverageSchema":"1a1c01bbd47fc00a2c39e90264f33305004495a9","hash":"ab9479594bf55c6eb2b7dccaaf0a893b700d0405"}
}
