TN:
SF:App.tsx
FN:6,(anonymous_0)
FN:10,(anonymous_1)
FNF:2
FNH:2
FNDA:1,(anonymous_0)
FNDA:1,(anonymous_1)
DA:6,1
DA:7,1
DA:10,1
DA:11,1
LF:4
LH:4
BRF:0
BRH:0
end_of_record
TN:
SF:src/adapters/index.ts
FNF:0
FNH:0
LF:0
LH:0
BRF:0
BRH:0
end_of_record
TN:
SF:src/adapters/movieCredits.ts
FN:4,(anonymous_0)
FNF:1
FNH:1
FNDA:8,(anonymous_0)
DA:4,2
DA:5,8
LF:2
LH:2
BRF:0
BRH:0
end_of_record
TN:
SF:src/adapters/movieDetail.ts
FN:4,(anonymous_0)
FNF:1
FNH:1
FNDA:7,(anonymous_0)
DA:4,2
DA:5,7
DA:9,7
LF:3
LH:3
BRDA:12,0,0,2
BRDA:12,0,1,5
BRF:2
BRH:2
end_of_record
TN:
SF:src/adapters/movies.ts
FN:4,(anonymous_0)
FN:5,(anonymous_1)
FNF:2
FNH:2
FNDA:11,(anonymous_0)
FNDA:12,(anonymous_1)
DA:4,2
DA:5,11
DA:6,12
DA:9,12
LF:4
LH:4
BRDA:6,0,0,9
BRDA:6,0,1,3
BRF:2
BRH:2
end_of_record
TN:
SF:src/components/index.ts
FNF:0
FNH:0
LF:0
LH:0
BRF:0
BRH:0
end_of_record
TN:
SF:src/components/molecules/index.ts
FNF:0
FNH:0
LF:0
LH:0
BRF:0
BRH:0
end_of_record
TN:
SF:src/components/molecules/MovieCastCard/index.tsx
FN:6,(anonymous_0)
FNF:1
FNH:1
FNDA:54,(anonymous_0)
DA:6,5
DA:7,54
DA:25,5
LF:3
LH:3
BRDA:8,0,0,52
BRDA:8,0,1,2
BRDA:17,1,0,1
BRDA:17,1,1,53
BRF:4
BRH:4
end_of_record
TN:
SF:src/components/molecules/MoviePoster/index.tsx
FN:7,(anonymous_0)
FN:15,(anonymous_1)
FNF:2
FNH:2
FNDA:44,(anonymous_0)
FNDA:1,(anonymous_1)
DA:7,5
DA:12,44
DA:13,44
DA:15,1
DA:31,5
LF:5
LH:5
BRDA:9,0,0,6
BRDA:10,1,0,6
BRDA:19,2,0,44
BRDA:19,2,1,0
BRF:4
BRH:3
end_of_record
TN:
SF:src/components/organisms/index.ts
FNF:0
FNH:0
LF:0
LH:0
BRF:0
BRH:0
end_of_record
TN:
SF:src/components/organisms/MovieCastCarrousel/index.tsx
FN:6,(anonymous_0)
FN:9,(anonymous_1)
FN:14,(anonymous_2)
FN:17,(anonymous_3)
FNF:4
FNH:4
FNDA:22,(anonymous_0)
FNDA:49,(anonymous_1)
FNDA:49,(anonymous_2)
FNDA:27,(anonymous_3)
DA:6,4
DA:7,22
DA:10,49
DA:14,49
DA:17,27
DA:21,4
LF:6
LH:6
BRF:0
BRH:0
end_of_record
TN:
SF:src/components/organisms/MoviesCarrousel/index.tsx
FN:6,(anonymous_0)
FN:11,(anonymous_1)
FN:14,(anonymous_2)
FNF:3
FNH:3
FNDA:20,(anonymous_0)
FNDA:40,(anonymous_1)
FNDA:40,(anonymous_2)
DA:6,4
DA:7,20
DA:12,40
DA:14,40
DA:21,4
LF:5
LH:5
BRDA:7,0,0,17
BRDA:7,0,1,3
BRDA:8,1,0,20
BRDA:8,1,1,17
BRF:4
BRH:4
end_of_record
TN:
SF:src/components/templates/index.ts
FNF:0
FNH:0
LF:0
LH:0
BRF:0
BRH:0
end_of_record
TN:
SF:src/components/templates/GradientWrapper/index.tsx
FN:9,(anonymous_0)
FN:14,(anonymous_1)
FN:15,(anonymous_2)
FNF:3
FNH:3
FNDA:15,(anonymous_0)
FNDA:15,(anonymous_1)
FNDA:15,(anonymous_2)
DA:9,5
DA:11,15
DA:12,15
DA:14,15
DA:15,15
DA:16,15
DA:17,15
DA:21,15
LF:8
LH:8
BRF:0
BRH:0
end_of_record
TN:
SF:src/components/templates/MovieDetails/index.tsx
FN:12,(anonymous_0)
FN:18,(anonymous_1)
FNF:2
FNH:2
FNDA:11,(anonymous_0)
FNDA:19,(anonymous_1)
DA:12,4
DA:13,11
DA:18,19
DA:34,4
LF:4
LH:4
BRF:0
BRH:0
end_of_record
TN:
SF:src/constants/global.ts
FNF:0
FNH:0
DA:1,2
LF:1
LH:1
BRF:0
BRH:0
end_of_record
TN:
SF:src/constants/index.ts
FNF:0
FNH:0
LF:0
LH:0
BRF:0
BRH:0
end_of_record
TN:
SF:src/constants/routes.ts
FNF:0
FNH:0
DA:1,2
LF:1
LH:1
BRF:0
BRH:0
end_of_record
TN:
SF:src/context/index.ts
FNF:0
FNH:0
LF:0
LH:0
BRF:0
BRH:0
end_of_record
TN:
SF:src/context/gradientContext/index.tsx
FN:18,(anonymous_0)
FN:32,(anonymous_1)
FN:33,(anonymous_2)
FNF:3
FNH:3
FNDA:14,(anonymous_0)
FNDA:2,(anonymous_1)
FNDA:4,(anonymous_2)
DA:16,6
DA:18,6
DA:23,14
DA:27,14
DA:32,14
DA:33,14
DA:34,4
DA:36,14
LF:8
LH:8
BRF:0
BRH:0
end_of_record
TN:
SF:src/helpers/getColorsMediaFile.ts
FN:3,(anonymous_0)
FNF:1
FNH:1
FNDA:4,(anonymous_0)
DA:3,3
DA:4,4
DA:8,4
DA:9,1
DA:10,1
DA:12,4
DA:13,2
DA:14,2
DA:16,4
LF:9
LH:9
BRDA:8,0,0,1
BRDA:8,0,1,3
BRDA:12,1,0,2
BRDA:12,1,1,2
BRF:4
BRH:4
end_of_record
TN:
SF:src/helpers/index.ts
FNF:0
FNH:0
LF:0
LH:0
BRF:0
BRH:0
end_of_record
TN:
SF:src/helpers/transform.ts
FN:4,(anonymous_0)
FN:5,(anonymous_1)
FNF:2
FNH:2
FNDA:8,(anonymous_0)
FNDA:8,(anonymous_1)
DA:4,3
DA:5,8
DA:6,8
DA:9,8
LF:4
LH:4
BRDA:6,0,0,5
BRDA:6,0,1,3
BRF:2
BRH:2
end_of_record
TN:
SF:src/hooks/index.ts
FNF:0
FNH:0
LF:0
LH:0
BRF:0
BRH:0
end_of_record
TN:
SF:src/hooks/useFadeAnimation.ts
FN:4,(anonymous_0)
FN:7,(anonymous_1)
FN:12,(anonymous_2)
FN:15,(anonymous_3)
FNF:4
FNH:4
FNDA:10,(anonymous_0)
FNDA:5,(anonymous_1)
FNDA:4,(anonymous_2)
FNDA:3,(anonymous_3)
DA:4,5
DA:5,10
DA:7,10
DA:8,5
DA:12,4
DA:15,10
DA:16,3
DA:23,10
LF:8
LH:8
BRDA:12,0,0,3
BRDA:12,0,1,1
BRF:2
BRH:2
end_of_record
TN:
SF:src/interfaces/global.ts
FNF:0
FNH:0
LF:0
LH:0
BRF:0
BRH:0
end_of_record
TN:
SF:src/interfaces/index.ts
FNF:0
FNH:0
LF:0
LH:0
BRF:0
BRH:0
end_of_record
TN:
SF:src/interfaces/movies.ts
FNF:0
FNH:0
LF:0
LH:0
BRF:0
BRH:0
end_of_record
TN:
SF:src/interfaces/navigation.ts
FNF:0
FNH:0
LF:0
LH:0
BRF:0
BRH:0
end_of_record
TN:
SF:src/navigation/Navigation.tsx
FN:8,(anonymous_0)
FNF:1
FNH:1
FNDA:9,(anonymous_0)
DA:6,2
DA:8,2
DA:9,9
LF:3
LH:3
BRF:0
BRH:0
end_of_record
TN:
SF:src/navigation/index.ts
FNF:0
FNH:0
LF:0
LH:0
BRF:0
BRH:0
end_of_record
TN:
SF:src/screens/index.ts
FNF:0
FNH:0
LF:0
LH:0
BRF:0
BRH:0
end_of_record
TN:
SF:src/screens/DetailScreen/index.tsx
FN:20,(anonymous_0)
FN:58,(anonymous_1)
FNF:2
FNH:2
FNDA:13,(anonymous_0)
FNDA:1,(anonymous_1)
DA:18,2
DA:20,2
DA:26,13
DA:29,13
DA:58,1
DA:66,2
LF:6
LH:6
BRDA:34,0,0,12
BRDA:34,0,1,1
BRDA:50,1,0,3
BRDA:50,1,1,10
BRF:4
BRH:4
end_of_record
TN:
SF:src/screens/DetailScreen/useMovieDetails.ts
FN:12,(anonymous_0)
FN:19,(anonymous_1)
FN:34,(anonymous_2)
FN:36,(anonymous_3)
FNF:4
FNH:3
FNDA:8,(anonymous_0)
FNDA:6,(anonymous_1)
FNDA:6,(anonymous_2)
FNDA:0,(anonymous_3)
DA:12,2
DA:13,8
DA:19,8
DA:20,6
DA:21,6
DA:22,6
DA:26,6
DA:33,8
DA:35,6
DA:36,6
DA:41,8
LF:11
LH:11
BRF:0
BRH:0
end_of_record
TN:
SF:src/screens/HomeScreen/index.tsx
FN:27,(anonymous_0)
FN:40,(anonymous_1)
FN:53,(anonymous_2)
FN:92,(anonymous_3)
FN:98,(anonymous_4)
FNF:5
FNH:5
FNDA:22,(anonymous_0)
FNDA:19,(anonymous_1)
FNDA:20,(anonymous_2)
FNDA:19,(anonymous_3)
FNDA:2,(anonymous_4)
DA:25,2
DA:27,2
DA:36,22
DA:37,22
DA:38,22
DA:40,22
DA:41,19
DA:42,19
DA:43,2
DA:45,17
DA:46,14
DA:52,22
DA:54,20
DA:55,17
DA:62,22
DA:63,5
DA:71,17
DA:72,5
DA:79,12
DA:92,19
DA:98,2
DA:112,2
LF:22
LH:22
BRDA:42,0,0,2
BRDA:42,0,1,17
BRDA:47,1,0,14
BRDA:47,1,1,0
BRDA:48,2,0,14
BRDA:48,2,1,0
BRDA:54,3,0,17
BRDA:54,3,1,3
BRDA:54,4,0,20
BRDA:54,4,1,17
BRDA:62,5,0,5
BRDA:62,5,1,17
BRDA:71,6,0,5
BRDA:71,6,1,12
BRDA:86,7,0,0
BRDA:86,7,1,12
BRF:16
BRH:13
end_of_record
TN:
SF:src/screens/HomeScreen/useMovies.ts
FN:13,(anonymous_0)
FN:23,(anonymous_1)
FN:53,(anonymous_2)
FN:59,(anonymous_3)
FN:61,(anonymous_4)
FNF:5
FNH:5
FNDA:14,(anonymous_0)
FNDA:9,(anonymous_1)
FNDA:1,(anonymous_2)
FNDA:8,(anonymous_3)
FNDA:1,(anonymous_4)
DA:13,2
DA:14,14
DA:15,14
DA:16,14
DA:23,14
DA:24,9
DA:25,9
DA:26,9
DA:27,9
DA:28,9
DA:30,9
DA:37,7
DA:43,7
DA:44,7
DA:45,0
DA:48,2
DA:49,2
DA:53,14
DA:54,1
DA:55,1
DA:58,14
DA:60,8
DA:61,8
DA:65,14
LF:24
LH:23
BRDA:44,0,0,0
BRDA:44,0,1,7
BRF:2
BRH:1
end_of_record
TN:
SF:src/services/index.ts
FNF:0
FNH:0
LF:0
LH:0
BRF:0
BRH:0
end_of_record
TN:
SF:src/services/movies.ts
FN:14,(anonymous_0)
FN:23,(anonymous_1)
FN:32,(anonymous_2)
FN:41,(anonymous_3)
FN:50,(anonymous_4)
FN:59,(anonymous_5)
FNF:6
FNH:6
FNDA:3,(anonymous_0)
FNDA:3,(anonymous_1)
FNDA:2,(anonymous_2)
FNDA:2,(anonymous_3)
FNDA:3,(anonymous_4)
FNDA:4,(anonymous_5)
DA:13,1
DA:15,3
DA:16,3
DA:17,2
DA:18,2
DA:20,1
DA:24,3
DA:25,3
DA:26,2
DA:27,2
DA:29,1
DA:33,2
DA:34,2
DA:35,1
DA:36,1
DA:38,1
DA:42,2
DA:43,2
DA:44,1
DA:45,1
DA:47,1
DA:51,3
DA:52,3
DA:53,2
DA:54,2
DA:56,1
DA:60,4
DA:61,4
DA:64,3
DA:65,3
DA:67,1
LF:31
LH:31
BRF:0
BRH:0
end_of_record
